<?xml version="1.0" encoding="UTF-8"?>
<!-- Generated by org.testng.reporters.JUnitXMLReporter -->
<testsuite ignored="0" hostname="DESKTOP-CPBGT79" failures="0" tests="2" name="Error Validations Test" time="28.76" errors="0" timestamp="11 Apr 2024 08:13:24 GMT">
  <testcase classname="rahulshettyacademy.tests.ErrorValidationsTest" name="LoginErrorValidation" time="2.348"/>
  <testcase classname="rahulshettyacademy.tests.ErrorValidationsTest" name="ProductErrorValidation" time="5.943"/>
</testsuite> <!-- Error Validations Test -->
