<?xml version="1.0" encoding="UTF-8"?>
<testng-results ignored="3" total="5" passed="2" failed="0" skipped="0">
  <reporter-output>
  </reporter-output>
  <suite started-at="2024-04-11T10:04:00Z" name="Suite" finished-at="2024-04-11T10:04:24Z" duration-ms="23764">
    <groups>
      <group name="Purchase">
        <method signature="SubmitOrderTest.submitOrder(java.util.HashMap)[pri:0, instance:rahulshettyacademy.tests.SubmitOrderTest@6e535154]" name="submitOrder" class="rahulshettyacademy.tests.SubmitOrderTest"/>
      </group> <!-- Purchase -->
    </groups>
    <test started-at="2024-04-11T10:04:00Z" name="Error Validations Test" finished-at="2024-04-11T10:04:00Z" duration-ms="7">
    </test> <!-- Error Validations Test -->
    <test started-at="2024-04-11T10:04:00Z" name="Submit Order Test" finished-at="2024-04-11T10:04:24Z" duration-ms="23764">
      <class name="rahulshettyacademy.tests.SubmitOrderTest">
        <test-method is-config="true" signature="launchApplication()[pri:0, instance:rahulshettyacademy.tests.SubmitOrderTest@6e535154]" started-at="2024-04-11T10:04:00Z" name="launchApplication" finished-at="2024-04-11T10:04:10Z" duration-ms="9242" status="PASS">
          <reporter-output>
          </reporter-output>
        </test-method> <!-- launchApplication -->
        <test-method signature="submitOrder(java.util.HashMap)[pri:0, instance:rahulshettyacademy.tests.SubmitOrderTest@6e535154]" started-at="2024-04-11T10:04:10Z" name="submitOrder" data-provider="getData" finished-at="2024-04-11T10:04:14Z" duration-ms="4651" status="PASS">
          <params>
            <param index="0">
              <value>
                <![CDATA[{password=Password@123, product=ZARA COAT 3, email=goverdhanbandari04@gmail.com}]]>
              </value>
            </param>
          </params>
          <reporter-output>
          </reporter-output>
        </test-method> <!-- submitOrder -->
        <test-method is-config="true" signature="tearDown()[pri:0, instance:rahulshettyacademy.tests.SubmitOrderTest@6e535154]" started-at="2024-04-11T10:04:14Z" name="tearDown" finished-at="2024-04-11T10:04:14Z" duration-ms="51" status="PASS">
          <reporter-output>
          </reporter-output>
        </test-method> <!-- tearDown -->
        <test-method is-config="true" signature="launchApplication()[pri:0, instance:rahulshettyacademy.tests.SubmitOrderTest@6e535154]" started-at="2024-04-11T10:04:14Z" name="launchApplication" finished-at="2024-04-11T10:04:19Z" duration-ms="4635" status="PASS">
          <reporter-output>
          </reporter-output>
        </test-method> <!-- launchApplication -->
        <test-method signature="submitOrder(java.util.HashMap)[pri:0, instance:rahulshettyacademy.tests.SubmitOrderTest@6e535154]" started-at="2024-04-11T10:04:19Z" name="submitOrder" data-provider="getData" finished-at="2024-04-11T10:04:23Z" duration-ms="4449" status="PASS">
          <params>
            <param index="0">
              <value>
                <![CDATA[{password=Password@123, product=ADIDAS ORIGINAL, email=goverdhanbandari04@gmail.com}]]>
              </value>
            </param>
          </params>
          <reporter-output>
          </reporter-output>
        </test-method> <!-- submitOrder -->
        <test-method is-config="true" signature="tearDown()[pri:0, instance:rahulshettyacademy.tests.SubmitOrderTest@6e535154]" started-at="2024-04-11T10:04:23Z" name="tearDown" finished-at="2024-04-11T10:04:24Z" duration-ms="48" status="PASS">
          <reporter-output>
          </reporter-output>
        </test-method> <!-- tearDown -->
      </class> <!-- rahulshettyacademy.tests.SubmitOrderTest -->
    </test> <!-- Submit Order Test -->
  </suite> <!-- Suite -->
</testng-results>
